(0000) 3000  0011000000000000 (   1)                 .ORIG x3000
(3000) 5B60  0101101101100000 (   2)                 AND   R5 R5 #0
(3001) 1B7D  0001101101111101 (   3)                 ADD   R5 R5 #-3
(3002) 3A75  0011101001110101 (   4)                 ST    R5 NEG3
(3003) 1B7E  0001101101111110 (   5)                 ADD   R5 R5 #-2
(3004) 3A74  0011101001110100 (   6)                 ST    R5 NEG5
(3005) 1B7D  0001101101111101 (   7)                 ADD   R5 R5 #-3
(3006) 3A73  0011101001110011 (   8)                 ST    R5 NEG8
(3007) 5DA0  0101110110100000 (   9)                 AND   R6 R6 #0
(3008) 1DA1  0001110110100001 (  10)                 ADD   R6 R6 #1
(3009) E0ED  1110000011101101 (  11) SETADRS         LEA   R0 AM0
(300A) 102A  0001000000101010 (  12)                 ADD   R0 R0 #10
(300B) 3072  0011000001110010 (  13)                 ST    R0 ADRA
(300C) E0F5  1110000011110101 (  14)                 LEA   R0 BM0
(300D) 102C  0001000000101100 (  15)                 ADD   R0 R0 #12
(300E) 3070  0011000001110000 (  16)                 ST    R0 ADRB
(300F) E0FF  1110000011111111 (  17)                 LEA   R0 CM0
(3010) 102F  0001000000101111 (  18)                 ADD   R0 R0 #15
(3011) 306E  0011000001101110 (  19)                 ST    R0 ADRC
(3012) E0E4  1110000011100100 (  21) START           LEA   R0 AM0
(3013) 6007  0110000000000111 (  22)                 LDR   R0 R0 #7
(3014) 0A06  0000101000000110 (  23)                 BRNP  STARTT
(3015) E0EC  1110000011101100 (  24)                 LEA   R0 BM0
(3016) 6007  0110000000000111 (  25)                 LDR   R0 R0 #7
(3017) 0A03  0000101000000011 (  26)                 BRNP  STARTT
(3018) E0F6  1110000011110110 (  27)                 LEA   R0 CM0
(3019) 6007  0110000000000111 (  28)                 LDR   R0 R0 #7
(301A) 0455  0000010001010101 (  29)                 BRZ   WINNER
(301B) E0DB  1110000011011011 (  31) STARTT          LEA   R0 AM0
(301C) F022  1111000000100010 (  32)                 TRAP  x22
(301D) 205D  0010000001011101 (  33)                 LD    R0 NEWLINE
(301E) F021  1111000000100001 (  34)                 TRAP  x21
(301F) E0E2  1110000011100010 (  35)                 LEA   R0 BM0
(3020) F022  1111000000100010 (  36)                 TRAP  x22
(3021) 2059  0010000001011001 (  37)                 LD    R0 NEWLINE
(3022) F021  1111000000100001 (  38)                 TRAP  x21
(3023) E0EB  1110000011101011 (  39)                 LEA   R0 CM0
(3024) F022  1111000000100010 (  40)                 TRAP  x22
(3025) 2055  0010000001010101 (  41)                 LD    R0 NEWLINE
(3026) F021  1111000000100001 (  42)                 TRAP  x21
(3027) 1DA0  0001110110100000 (  44) REPEAT          ADD   R6 R6 #0
(3028) 0803  0000100000000011 (  45)                 BRN   PL2
(3029) E073  1110000001110011 (  46) PL1             LEA   R0 PLR1
(302A) F022  1111000000100010 (  47)                 TRAP  x22
(302B) 0E02  0000111000000010 (  48)                 BRNZP INPUT
(302C) E09D  1110000010011101 (  49) PL2             LEA   R0 PLR2
(302D) F022  1111000000100010 (  50)                 TRAP  x22
(302E) 5020  0101000000100000 (  55) INPUT           AND   R0 R0 #0
(302F) F020  1111000000100000 (  56)                 TRAP  x20
(3030) 304B  0011000001001011 (  57)                 ST    R0 INP1
(3031) F021  1111000000100001 (  58)                 TRAP  x21
(3032) F020  1111000000100000 (  59)                 TRAP  x20
(3033) 3049  0011000001001001 (  60)                 ST    R0 INP2
(3034) F021  1111000000100001 (  61)                 TRAP  x21
(3035) 2045  0010000001000101 (  62)                 LD    R0 NEWLINE
(3036) F021  1111000000100001 (  63)                 TRAP  x21
(3037) 2444  0010010001000100 (  69)                 LD    R2 INP1
(3038) 2648  0010011001001000 (  70)                 LD    R3 A
(3039) 16C2  0001011011000010 (  71)                 ADD   R3 R3 R2
(303A) 0407  0000010000000111 (  72)                 BRZ   ITSA
(303B) 2646  0010011001000110 (  73)                 LD    R3 B
(303C) 16C2  0001011011000010 (  74)                 ADD   R3 R3 R2
(303D) 040D  0000010000001101 (  75)                 BRZ   ITSB
(303E) 2644  0010011001000100 (  76)                 LD    R3 C
(303F) 16C2  0001011011000010 (  77)                 ADD   R3 R3 R2
(3040) 0413  0000010000010011 (  78)                 BRZ   ITSC
(3041) 0A29  0000101000101001 (  79)                 BRNP  INVLD
(3042) 2A35  0010101000110101 (  85) ITSA            LD    R5 NEG3
(3043) 223A  0010001000111010 (  86)                 LD    R1 ADRA
(3044) 4818  0100100000011000 (  87)                 JSR   SBRTN1
(3045) 3238  0011001000111000 (  88)                 ST    R1 ADRA
(3046) 3A31  0011101000110001 (  89)                 ST    R5 NEG3
(3047) 9DBF  1001110110111111 (  90)                 NOT   R6 R6
(3048) 2032  0010000000110010 (  91)                 LD    R0 NEWLINE
(3049) F021  1111000000100001 (  92)                 TRAP  x21
(304A) 0FC7  0000111111000111 (  93)                 BRNZP START
(304B) 2A2D  0010101000101101 (  97) ITSB            LD    R5 NEG5
(304C) 2232  0010001000110010 (  98)                 LD    R1 ADRB
(304D) 480F  0100100000001111 (  99)                 JSR   SBRTN1
(304E) 3230  0011001000110000 ( 100)                 ST    R1 ADRB
(304F) 3A29  0011101000101001 ( 101)                 ST    R5 NEG5
(3050) 9DBF  1001110110111111 ( 102)                 NOT   R6 R6
(3051) 2029  0010000000101001 ( 103)                 LD    R0 NEWLINE
(3052) F021  1111000000100001 ( 104)                 TRAP  x21
(3053) 0FBE  0000111110111110 ( 105)                 BRNZP START
(3054) 2A25  0010101000100101 ( 107) ITSC            LD    R5 NEG8
(3055) 222A  0010001000101010 ( 108)                 LD    R1 ADRC
(3056) 4806  0100100000000110 ( 109)                 JSR   SBRTN1
(3057) 3228  0011001000101000 ( 110)                 ST    R1 ADRC
(3058) 3A21  0011101000100001 ( 111)                 ST    R5 NEG8
(3059) 9DBF  1001110110111111 ( 112)                 NOT   R6 R6
(305A) 2020  0010000000100000 ( 113)                 LD    R0 NEWLINE
(305B) F021  1111000000100001 ( 114)                 TRAP  x21
(305C) 0FB5  0000111110110101 ( 115)                 BRNZP START
(305D) 241F  0010010000011111 ( 117) SBRTN1          LD    R2 INP2
(305E) 14B1  0001010010110001 ( 118)                 ADD   R2 R2 #-15
(305F) 14B1  0001010010110001 ( 119)                 ADD   R2 R2 #-15
(3060) 14B1  0001010010110001 ( 120)                 ADD   R2 R2 #-15
(3061) 14BD  0001010010111101 ( 121)                 ADD   R2 R2 #-3
(3062) 0C08  0000110000001000 ( 122)                 BRNZ  INVLD
(3063) 1A85  0001101010000101 ( 123)                 ADD   R5 R2 R5
(3064) 0206  0000001000000110 ( 124)                 BRP   INVLD
(3065) 94BF  1001010010111111 ( 125)                 NOT   R2 R2
(3066) 14A1  0001010010100001 ( 126)                 ADD   R2 R2 #1
(3067) 1242  0001001001000010 ( 127)                 ADD   R1 R1 R2
(3068) 5920  0101100100100000 ( 128)                 AND   R4 R4 #0
(3069) 7840  0111100001000000 ( 129)                 STR   R4 R1 #0
(306A) C1C0  1100000111000000 ( 130)                 RET   
(306B) E018  1110000000011000 ( 133) INVLD           LEA   R0 INVALID
(306C) F022  1111000000100010 ( 134)                 TRAP  x22
(306D) 200D  0010000000001101 ( 135)                 LD    R0 NEWLINE
(306E) F021  1111000000100001 ( 136)                 TRAP  x21
(306F) 0FB7  0000111110110111 ( 137)                 BRNZP REPEAT
(3070) 1DA0  0001110110100000 ( 139) WINNER          ADD   R6 R6 #0
(3071) 0803  0000100000000011 ( 140)                 BRN   PL2W
(3072) E0AC  1110000010101100 ( 141) PL1W            LEA   R0 PLR1WIN
(3073) F022  1111000000100010 ( 142)                 TRAP  x22
(3074) 0E02  0000111000000010 ( 143)                 BRNZP END
(3075) E0B8  1110000010111000 ( 144) PL2W            LEA   R0 PLR2WIN
(3076) F022  1111000000100010 ( 145)                 TRAP  x22
(3077) F025  1111000000100101 ( 148) END             TRAP  x25
(3078) 0000  0000000000000000 ( 149) NEG3            .FILL x0000
(3079) 0000  0000000000000000 ( 150) NEG5            .FILL x0000
(307A) 0000  0000000000000000 ( 151) NEG8            .FILL x0000
(307B) 000A  0000000000001010 ( 152) NEWLINE         .FILL x000A
(307C) 0000  0000000000000000 ( 153) INP1            .FILL x0000
(307D) 0000  0000000000000000 ( 154) INP2            .FILL x0000
(307E) 0000  0000000000000000 ( 155) ADRA            .FILL x0000
(307F) 0000  0000000000000000 ( 156) ADRB            .FILL x0000
(3080) 0000  0000000000000000 ( 157) ADRC            .FILL x0000
(3081) FFBF  1111111110111111 ( 158) A               .FILL xFFBF
(3082) FFBE  1111111110111110 ( 159) B               .FILL xFFBE
(3083) FFBD  1111111110111101 ( 160) C               .FILL xFFBD
(3084) 0049  0000000001001001 ( 161) INVALID         .FILL x0049
(3085) 006E  0000000001101110 ( 161)                 .FILL x006E
(3086) 0076  0000000001110110 ( 161)                 .FILL x0076
(3087) 0061  0000000001100001 ( 161)                 .FILL x0061
(3088) 006C  0000000001101100 ( 161)                 .FILL x006C
(3089) 0069  0000000001101001 ( 161)                 .FILL x0069
(308A) 0064  0000000001100100 ( 161)                 .FILL x0064
(308B) 0020  0000000000100000 ( 161)                 .FILL x0020
(308C) 006D  0000000001101101 ( 161)                 .FILL x006D
(308D) 006F  0000000001101111 ( 161)                 .FILL x006F
(308E) 0076  0000000001110110 ( 161)                 .FILL x0076
(308F) 0065  0000000001100101 ( 161)                 .FILL x0065
(3090) 002E  0000000000101110 ( 161)                 .FILL x002E
(3091) 0020  0000000000100000 ( 161)                 .FILL x0020
(3092) 0054  0000000001010100 ( 161)                 .FILL x0054
(3093) 0072  0000000001110010 ( 161)                 .FILL x0072
(3094) 0079  0000000001111001 ( 161)                 .FILL x0079
(3095) 0020  0000000000100000 ( 161)                 .FILL x0020
(3096) 0061  0000000001100001 ( 161)                 .FILL x0061
(3097) 0067  0000000001100111 ( 161)                 .FILL x0067
(3098) 0061  0000000001100001 ( 161)                 .FILL x0061
(3099) 0069  0000000001101001 ( 161)                 .FILL x0069
(309A) 006E  0000000001101110 ( 161)                 .FILL x006E
(309B) 002E  0000000000101110 ( 161)                 .FILL x002E
(309C) 0000  0000000000000000 ( 161)                 .FILL x0000
(309D) 0050  0000000001010000 ( 162) PLR1            .FILL x0050
(309E) 006C  0000000001101100 ( 162)                 .FILL x006C
(309F) 0061  0000000001100001 ( 162)                 .FILL x0061
(30A0) 0079  0000000001111001 ( 162)                 .FILL x0079
(30A1) 0065  0000000001100101 ( 162)                 .FILL x0065
(30A2) 0072  0000000001110010 ( 162)                 .FILL x0072
(30A3) 0020  0000000000100000 ( 162)                 .FILL x0020
(30A4) 0031  0000000000110001 ( 162)                 .FILL x0031
(30A5) 002C  0000000000101100 ( 162)                 .FILL x002C
(30A6) 0020  0000000000100000 ( 162)                 .FILL x0020
(30A7) 0063  0000000001100011 ( 162)                 .FILL x0063
(30A8) 0068  0000000001101000 ( 162)                 .FILL x0068
(30A9) 006F  0000000001101111 ( 162)                 .FILL x006F
(30AA) 006F  0000000001101111 ( 162)                 .FILL x006F
(30AB) 0073  0000000001110011 ( 162)                 .FILL x0073
(30AC) 0065  0000000001100101 ( 162)                 .FILL x0065
(30AD) 0020  0000000000100000 ( 162)                 .FILL x0020
(30AE) 0061  0000000001100001 ( 162)                 .FILL x0061
(30AF) 0020  0000000000100000 ( 162)                 .FILL x0020
(30B0) 0072  0000000001110010 ( 162)                 .FILL x0072
(30B1) 006F  0000000001101111 ( 162)                 .FILL x006F
(30B2) 0077  0000000001110111 ( 162)                 .FILL x0077
(30B3) 0020  0000000000100000 ( 162)                 .FILL x0020
(30B4) 0061  0000000001100001 ( 162)                 .FILL x0061
(30B5) 006E  0000000001101110 ( 162)                 .FILL x006E
(30B6) 0064  0000000001100100 ( 162)                 .FILL x0064
(30B7) 0020  0000000000100000 ( 162)                 .FILL x0020
(30B8) 006E  0000000001101110 ( 162)                 .FILL x006E
(30B9) 0075  0000000001110101 ( 162)                 .FILL x0075
(30BA) 006D  0000000001101101 ( 162)                 .FILL x006D
(30BB) 0062  0000000001100010 ( 162)                 .FILL x0062
(30BC) 0065  0000000001100101 ( 162)                 .FILL x0065
(30BD) 0072  0000000001110010 ( 162)                 .FILL x0072
(30BE) 0020  0000000000100000 ( 162)                 .FILL x0020
(30BF) 006F  0000000001101111 ( 162)                 .FILL x006F
(30C0) 0066  0000000001100110 ( 162)                 .FILL x0066
(30C1) 0020  0000000000100000 ( 162)                 .FILL x0020
(30C2) 0072  0000000001110010 ( 162)                 .FILL x0072
(30C3) 006F  0000000001101111 ( 162)                 .FILL x006F
(30C4) 0063  0000000001100011 ( 162)                 .FILL x0063
(30C5) 006B  0000000001101011 ( 162)                 .FILL x006B
(30C6) 0073  0000000001110011 ( 162)                 .FILL x0073
(30C7) 003A  0000000000111010 ( 162)                 .FILL x003A
(30C8) 0020  0000000000100000 ( 162)                 .FILL x0020
(30C9) 0000  0000000000000000 ( 162)                 .FILL x0000
(30CA) 0050  0000000001010000 ( 163) PLR2            .FILL x0050
(30CB) 006C  0000000001101100 ( 163)                 .FILL x006C
(30CC) 0061  0000000001100001 ( 163)                 .FILL x0061
(30CD) 0079  0000000001111001 ( 163)                 .FILL x0079
(30CE) 0065  0000000001100101 ( 163)                 .FILL x0065
(30CF) 0072  0000000001110010 ( 163)                 .FILL x0072
(30D0) 0020  0000000000100000 ( 163)                 .FILL x0020
(30D1) 0032  0000000000110010 ( 163)                 .FILL x0032
(30D2) 002C  0000000000101100 ( 163)                 .FILL x002C
(30D3) 0020  0000000000100000 ( 163)                 .FILL x0020
(30D4) 0063  0000000001100011 ( 163)                 .FILL x0063
(30D5) 0068  0000000001101000 ( 163)                 .FILL x0068
(30D6) 006F  0000000001101111 ( 163)                 .FILL x006F
(30D7) 006F  0000000001101111 ( 163)                 .FILL x006F
(30D8) 0073  0000000001110011 ( 163)                 .FILL x0073
(30D9) 0065  0000000001100101 ( 163)                 .FILL x0065
(30DA) 0020  0000000000100000 ( 163)                 .FILL x0020
(30DB) 0061  0000000001100001 ( 163)                 .FILL x0061
(30DC) 0020  0000000000100000 ( 163)                 .FILL x0020
(30DD) 0072  0000000001110010 ( 163)                 .FILL x0072
(30DE) 006F  0000000001101111 ( 163)                 .FILL x006F
(30DF) 0077  0000000001110111 ( 163)                 .FILL x0077
(30E0) 0020  0000000000100000 ( 163)                 .FILL x0020
(30E1) 0061  0000000001100001 ( 163)                 .FILL x0061
(30E2) 006E  0000000001101110 ( 163)                 .FILL x006E
(30E3) 0064  0000000001100100 ( 163)                 .FILL x0064
(30E4) 0020  0000000000100000 ( 163)                 .FILL x0020
(30E5) 006E  0000000001101110 ( 163)                 .FILL x006E
(30E6) 0075  0000000001110101 ( 163)                 .FILL x0075
(30E7) 006D  0000000001101101 ( 163)                 .FILL x006D
(30E8) 0062  0000000001100010 ( 163)                 .FILL x0062
(30E9) 0065  0000000001100101 ( 163)                 .FILL x0065
(30EA) 0072  0000000001110010 ( 163)                 .FILL x0072
(30EB) 0020  0000000000100000 ( 163)                 .FILL x0020
(30EC) 006F  0000000001101111 ( 163)                 .FILL x006F
(30ED) 0066  0000000001100110 ( 163)                 .FILL x0066
(30EE) 0020  0000000000100000 ( 163)                 .FILL x0020
(30EF) 0072  0000000001110010 ( 163)                 .FILL x0072
(30F0) 006F  0000000001101111 ( 163)                 .FILL x006F
(30F1) 0063  0000000001100011 ( 163)                 .FILL x0063
(30F2) 006B  0000000001101011 ( 163)                 .FILL x006B
(30F3) 0073  0000000001110011 ( 163)                 .FILL x0073
(30F4) 003A  0000000000111010 ( 163)                 .FILL x003A
(30F5) 0020  0000000000100000 ( 163)                 .FILL x0020
(30F6) 0000  0000000000000000 ( 163)                 .FILL x0000
(30F7) 0052  0000000001010010 ( 164) AM0             .FILL x0052
(30F8) 004F  0000000001001111 ( 164)                 .FILL x004F
(30F9) 0057  0000000001010111 ( 164)                 .FILL x0057
(30FA) 0020  0000000000100000 ( 164)                 .FILL x0020
(30FB) 0041  0000000001000001 ( 164)                 .FILL x0041
(30FC) 003A  0000000000111010 ( 164)                 .FILL x003A
(30FD) 0020  0000000000100000 ( 164)                 .FILL x0020
(30FE) 006F  0000000001101111 ( 164)                 .FILL x006F
(30FF) 006F  0000000001101111 ( 164)                 .FILL x006F
(3100) 006F  0000000001101111 ( 164)                 .FILL x006F
(3101) 0000  0000000000000000 ( 164)                 .FILL x0000
(3102) 0052  0000000001010010 ( 165) BM0             .FILL x0052
(3103) 004F  0000000001001111 ( 165)                 .FILL x004F
(3104) 0057  0000000001010111 ( 165)                 .FILL x0057
(3105) 0020  0000000000100000 ( 165)                 .FILL x0020
(3106) 0042  0000000001000010 ( 165)                 .FILL x0042
(3107) 003A  0000000000111010 ( 165)                 .FILL x003A
(3108) 0020  0000000000100000 ( 165)                 .FILL x0020
(3109) 006F  0000000001101111 ( 165)                 .FILL x006F
(310A) 006F  0000000001101111 ( 165)                 .FILL x006F
(310B) 006F  0000000001101111 ( 165)                 .FILL x006F
(310C) 006F  0000000001101111 ( 165)                 .FILL x006F
(310D) 006F  0000000001101111 ( 165)                 .FILL x006F
(310E) 0000  0000000000000000 ( 165)                 .FILL x0000
(310F) 0052  0000000001010010 ( 166) CM0             .FILL x0052
(3110) 004F  0000000001001111 ( 166)                 .FILL x004F
(3111) 0057  0000000001010111 ( 166)                 .FILL x0057
(3112) 0020  0000000000100000 ( 166)                 .FILL x0020
(3113) 0043  0000000001000011 ( 166)                 .FILL x0043
(3114) 003A  0000000000111010 ( 166)                 .FILL x003A
(3115) 0020  0000000000100000 ( 166)                 .FILL x0020
(3116) 006F  0000000001101111 ( 166)                 .FILL x006F
(3117) 006F  0000000001101111 ( 166)                 .FILL x006F
(3118) 006F  0000000001101111 ( 166)                 .FILL x006F
(3119) 006F  0000000001101111 ( 166)                 .FILL x006F
(311A) 006F  0000000001101111 ( 166)                 .FILL x006F
(311B) 006F  0000000001101111 ( 166)                 .FILL x006F
(311C) 006F  0000000001101111 ( 166)                 .FILL x006F
(311D) 006F  0000000001101111 ( 166)                 .FILL x006F
(311E) 0000  0000000000000000 ( 166)                 .FILL x0000
(311F) 0050  0000000001010000 ( 167) PLR1WIN         .FILL x0050
(3120) 006C  0000000001101100 ( 167)                 .FILL x006C
(3121) 0061  0000000001100001 ( 167)                 .FILL x0061
(3122) 0079  0000000001111001 ( 167)                 .FILL x0079
(3123) 0065  0000000001100101 ( 167)                 .FILL x0065
(3124) 0072  0000000001110010 ( 167)                 .FILL x0072
(3125) 0020  0000000000100000 ( 167)                 .FILL x0020
(3126) 0031  0000000000110001 ( 167)                 .FILL x0031
(3127) 0020  0000000000100000 ( 167)                 .FILL x0020
(3128) 0057  0000000001010111 ( 167)                 .FILL x0057
(3129) 0069  0000000001101001 ( 167)                 .FILL x0069
(312A) 006E  0000000001101110 ( 167)                 .FILL x006E
(312B) 0073  0000000001110011 ( 167)                 .FILL x0073
(312C) 002E  0000000000101110 ( 167)                 .FILL x002E
(312D) 0000  0000000000000000 ( 167)                 .FILL x0000
(312E) 0050  0000000001010000 ( 168) PLR2WIN         .FILL x0050
(312F) 006C  0000000001101100 ( 168)                 .FILL x006C
(3130) 0061  0000000001100001 ( 168)                 .FILL x0061
(3131) 0079  0000000001111001 ( 168)                 .FILL x0079
(3132) 0065  0000000001100101 ( 168)                 .FILL x0065
(3133) 0072  0000000001110010 ( 168)                 .FILL x0072
(3134) 0020  0000000000100000 ( 168)                 .FILL x0020
(3135) 0032  0000000000110010 ( 168)                 .FILL x0032
(3136) 0020  0000000000100000 ( 168)                 .FILL x0020
(3137) 0057  0000000001010111 ( 168)                 .FILL x0057
(3138) 0069  0000000001101001 ( 168)                 .FILL x0069
(3139) 006E  0000000001101110 ( 168)                 .FILL x006E
(313A) 0073  0000000001110011 ( 168)                 .FILL x0073
(313B) 002E  0000000000101110 ( 168)                 .FILL x002E
(313C) 0000  0000000000000000 ( 168)                 .FILL x0000
