(0000) 1500  0001010100000000 (   1)                 .ORIG x1500
(1500) 3037  0011000000110111 (   3)                 ST    R0 SAVER0
(1501) 3237  0011001000110111 (   4)                 ST    R1 SAVER1
(1502) 3437  0011010000110111 (   5)                 ST    R2 SAVER2
(1503) 3637  0011011000110111 (   6)                 ST    R3 SAVER3
(1504) 3837  0011100000110111 (   7)                 ST    R4 SAVER4
(1505) 3A37  0011101000110111 (   8)                 ST    R5 SAVER5
(1506) 3C37  0011110000110111 (   9)                 ST    R6 SAVER6
(1507) 3E37  0011111000110111 (  10)                 ST    R7 SAVER7
(1508) 2237  0010001000110111 (  12)                 LD    R1 A
(1509) 2437  0010010000110111 (  13)                 LD    R2 Z
(150A) A02A  1010000000101010 (  14)                 LDI   R0 KBDR
(150B) 927F  1001001001111111 (  15)                 NOT   R1 R1
(150C) 1261  0001001001100001 (  16)                 ADD   R1 R1 #1
(150D) 1201  0001001000000001 (  17)                 ADD   R1 R0 R1
(150E) 081C  0000100000011100 (  18)                 BRN   INVLD
(150F) 94BF  1001010010111111 (  19)                 NOT   R2 R2
(1510) 14A1  0001010010100001 (  20)                 ADD   R2 R2 #1
(1511) 1480  0001010010000000 (  21)                 ADD   R2 R2 R0
(1512) 0218  0000001000011000 (  22)                 BRP   INVLD
(1513) A422  1010010000100010 (  27) POLL            LDI   R2 DSR
(1514) 07FE  0000011111111110 (  28)                 BRZP  POLL
(1515) 5260  0101001001100000 (  32)                 AND   R1 R1 #0
(1516) 126A  0001001001101010 (  33)                 ADD   R1 R1 #10
(1517) A41E  1010010000011110 (  34) CPTL            LDI   R2 DSR
(1518) 07FE  0000011111111110 (  35)                 BRZP  CPTL
(1519) A01B  1010000000011011 (  36)                 LDI   R0 KBDR
(151A) B01C  1011000000011100 (  37)                 STI   R0 DDR
(151B) 127F  0001001001111111 (  38)                 ADD   R1 R1 #-1
(151C) 0BFA  0000101111111010 (  39)                 BRNP  CPTL
(151D) 102F  0001000000101111 (  41)                 ADD   R0 R0 #15
(151E) 102F  0001000000101111 (  42)                 ADD   R0 R0 #15
(151F) 1022  0001000000100010 (  43)                 ADD   R0 R0 #2
(1520) 5260  0101001001100000 (  44)                 AND   R1 R1 #0
(1521) 126A  0001001001101010 (  45)                 ADD   R1 R1 #10
(1522) A413  1010010000010011 (  46) LOWER           LDI   R2 DSR
(1523) 07FE  0000011111111110 (  47)                 BRZP  LOWER
(1524) B012  1011000000010010 (  48)                 STI   R0 DDR
(1525) 127F  0001001001111111 (  49)                 ADD   R1 R1 #-1
(1526) 0BFB  0000101111111011 (  50)                 BRNP  LOWER
(1527) A40E  1010010000001110 (  52) POLL2           LDI   R2 DSR
(1528) 07FE  0000011111111110 (  53)                 BRZP  POLL2
(1529) 2018  0010000000011000 (  54)                 LD    R0 NEWLN
(152A) B00C  1011000000001100 (  55)                 STI   R0 DDR
(152B) 200C  0010000000001100 (  59) INVLD           LD    R0 SAVER0
(152C) 220C  0010001000001100 (  60)                 LD    R1 SAVER1
(152D) 240C  0010010000001100 (  61)                 LD    R2 SAVER2
(152E) 260C  0010011000001100 (  62)                 LD    R3 SAVER3
(152F) 280C  0010100000001100 (  63)                 LD    R4 SAVER4
(1530) 2A0C  0010101000001100 (  64)                 LD    R5 SAVER5
(1531) 2C0C  0010110000001100 (  65)                 LD    R6 SAVER6
(1532) 2E0C  0010111000001100 (  66)                 LD    R7 SAVER7
(1533) 8000  1000000000000000 (  68)                 RTI   
(1534) 8000  1000000000000000 (  70) MASK            .FILL x8000
(1535) FE02  1111111000000010 (  71) KBDR            .FILL xFE02
(1536) FE04  1111111000000100 (  72) DSR             .FILL xFE04
(1537) FE06  1111111000000110 (  73) DDR             .FILL xFE06
(1538) 0000  0000000000000000 (  75) SAVER0          .FILL x0000
(1539) 0000  0000000000000000 (  76) SAVER1          .FILL x0000
(153A) 0000  0000000000000000 (  77) SAVER2          .FILL x0000
(153B) 0000  0000000000000000 (  78) SAVER3          .FILL x0000
(153C) 0000  0000000000000000 (  79) SAVER4          .FILL x0000
(153D) 0000  0000000000000000 (  80) SAVER5          .FILL x0000
(153E) 0000  0000000000000000 (  81) SAVER6          .FILL x0000
(153F) 0000  0000000000000000 (  82) SAVER7          .FILL x0000
(1540) 0041  0000000001000001 (  82) A               .FILL x0041
(1541) 005A  0000000001011010 (  83) Z               .FILL x005A
(1542) 000A  0000000000001010 (  84) NEWLN           .FILL x000A
