(0000) 3000  0011000000000000 (   1)                 .ORIG x3000
(3000) 2C1E  0010110000011110 (   3)                 LD    R6 INITIAL
(3001) 2073  0010000001110011 (   5)                 LD    R0 KBISR
(3002) B071  1011000001110001 (   6)                 STI   R0 KBIV
(3003) 2073  0010000001110011 (   8)                 LD    R0 IE
(3004) B071  1011000001110001 (   9)                 STI   R0 KBSR
(3005) E01A  1110000000011010 (  11) FRSTLN          LEA   R0 FIRST
(3006) F022  1111000000100010 (  12)                 TRAP  x22
(3007) 2068  0010000001101000 (  13)                 LD    R0 NEWLN
(3008) F021  1111000000100001 (  14)                 TRAP  x21
(3009) 480C  0100100000001100 (  15)                 JSR   DELAY
(300A) 480B  0100100000001011 (  16)                 JSR   DELAY
(300B) 480A  0100100000001010 (  17)                 JSR   DELAY
(300C) 4809  0100100000001001 (  18)                 JSR   DELAY
(300D) E03C  1110000000111100 (  21) SCND            LEA   R0 SECOND
(300E) F022  1111000000100010 (  22)                 TRAP  x22
(300F) 2060  0010000001100000 (  23)                 LD    R0 NEWLN
(3010) F021  1111000000100001 (  24)                 TRAP  x21
(3011) 4804  0100100000000100 (  25)                 JSR   DELAY
(3012) 4803  0100100000000011 (  26)                 JSR   DELAY
(3013) 4802  0100100000000010 (  27)                 JSR   DELAY
(3014) 4801  0100100000000001 (  28)                 JSR   DELAY
(3015) 0FEF  0000111111101111 (  29)                 BRNZP FRSTLN
(3016) 325B  0011001001011011 (  32) DELAY           ST    R1 Save_R1
(3017) 3E5B  0011111001011011 (  33)                 ST    R7 SAVE_R7
(3018) 2258  0010001001011000 (  34)                 LD    R1 COUNT
(3019) 127F  0001001001111111 (  35) REP             ADD   R1 R1 #-1
(301A) 03FE  0000001111111110 (  36)                 BRP   REP
(301B) 2256  0010001001010110 (  37)                 LD    R1 Save_R1
(301C) 2E56  0010111001010110 (  38)                 LD    R7 SAVE_R7
(301D) C1C0  1100000111000000 (  39)                 RET   
(301E) F025  1111000000100101 (  43) END             TRAP  x25
(301F) 3000  0011000000000000 (  45) INITIAL         .FILL x3000
(3020) 0054  0000000001010100 (  46) FIRST           .FILL x0054
(3021) 0065  0000000001100101 (  46)                 .FILL x0065
(3022) 0078  0000000001111000 (  46)                 .FILL x0078
(3023) 0061  0000000001100001 (  46)                 .FILL x0061
(3024) 0073  0000000001110011 (  46)                 .FILL x0073
(3025) 0020  0000000000100000 (  46)                 .FILL x0020
(3026) 0020  0000000000100000 (  46)                 .FILL x0020
(3027) 0020  0000000000100000 (  46)                 .FILL x0020
(3028) 0020  0000000000100000 (  46)                 .FILL x0020
(3029) 0020  0000000000100000 (  46)                 .FILL x0020
(302A) 0020  0000000000100000 (  46)                 .FILL x0020
(302B) 0020  0000000000100000 (  46)                 .FILL x0020
(302C) 0054  0000000001010100 (  46)                 .FILL x0054
(302D) 0065  0000000001100101 (  46)                 .FILL x0065
(302E) 0078  0000000001111000 (  46)                 .FILL x0078
(302F) 0061  0000000001100001 (  46)                 .FILL x0061
(3030) 0073  0000000001110011 (  46)                 .FILL x0073
(3031) 0020  0000000000100000 (  46)                 .FILL x0020
(3032) 0020  0000000000100000 (  46)                 .FILL x0020
(3033) 0020  0000000000100000 (  46)                 .FILL x0020
(3034) 0020  0000000000100000 (  46)                 .FILL x0020
(3035) 0020  0000000000100000 (  46)                 .FILL x0020
(3036) 0020  0000000000100000 (  46)                 .FILL x0020
(3037) 0020  0000000000100000 (  46)                 .FILL x0020
(3038) 0054  0000000001010100 (  46)                 .FILL x0054
(3039) 0065  0000000001100101 (  46)                 .FILL x0065
(303A) 0078  0000000001111000 (  46)                 .FILL x0078
(303B) 0061  0000000001100001 (  46)                 .FILL x0061
(303C) 0073  0000000001110011 (  46)                 .FILL x0073
(303D) 0020  0000000000100000 (  46)                 .FILL x0020
(303E) 0020  0000000000100000 (  46)                 .FILL x0020
(303F) 0020  0000000000100000 (  46)                 .FILL x0020
(3040) 0020  0000000000100000 (  46)                 .FILL x0020
(3041) 0020  0000000000100000 (  46)                 .FILL x0020
(3042) 0020  0000000000100000 (  46)                 .FILL x0020
(3043) 0020  0000000000100000 (  46)                 .FILL x0020
(3044) 0054  0000000001010100 (  46)                 .FILL x0054
(3045) 0065  0000000001100101 (  46)                 .FILL x0065
(3046) 0078  0000000001111000 (  46)                 .FILL x0078
(3047) 0061  0000000001100001 (  46)                 .FILL x0061
(3048) 0073  0000000001110011 (  46)                 .FILL x0073
(3049) 0000  0000000000000000 (  46)                 .FILL x0000
(304A) 0020  0000000000100000 (  47) SECOND          .FILL x0020
(304B) 0020  0000000000100000 (  47)                 .FILL x0020
(304C) 0020  0000000000100000 (  47)                 .FILL x0020
(304D) 0020  0000000000100000 (  47)                 .FILL x0020
(304E) 0020  0000000000100000 (  47)                 .FILL x0020
(304F) 0020  0000000000100000 (  47)                 .FILL x0020
(3050) 0020  0000000000100000 (  47)                 .FILL x0020
(3051) 0054  0000000001010100 (  47)                 .FILL x0054
(3052) 0065  0000000001100101 (  47)                 .FILL x0065
(3053) 0078  0000000001111000 (  47)                 .FILL x0078
(3054) 0061  0000000001100001 (  47)                 .FILL x0061
(3055) 0073  0000000001110011 (  47)                 .FILL x0073
(3056) 0020  0000000000100000 (  47)                 .FILL x0020
(3057) 0020  0000000000100000 (  47)                 .FILL x0020
(3058) 0020  0000000000100000 (  47)                 .FILL x0020
(3059) 0020  0000000000100000 (  47)                 .FILL x0020
(305A) 0020  0000000000100000 (  47)                 .FILL x0020
(305B) 0020  0000000000100000 (  47)                 .FILL x0020
(305C) 0020  0000000000100000 (  47)                 .FILL x0020
(305D) 0054  0000000001010100 (  47)                 .FILL x0054
(305E) 0065  0000000001100101 (  47)                 .FILL x0065
(305F) 0078  0000000001111000 (  47)                 .FILL x0078
(3060) 0061  0000000001100001 (  47)                 .FILL x0061
(3061) 0073  0000000001110011 (  47)                 .FILL x0073
(3062) 0020  0000000000100000 (  47)                 .FILL x0020
(3063) 0020  0000000000100000 (  47)                 .FILL x0020
(3064) 0020  0000000000100000 (  47)                 .FILL x0020
(3065) 0020  0000000000100000 (  47)                 .FILL x0020
(3066) 0020  0000000000100000 (  47)                 .FILL x0020
(3067) 0020  0000000000100000 (  47)                 .FILL x0020
(3068) 0020  0000000000100000 (  47)                 .FILL x0020
(3069) 0054  0000000001010100 (  47)                 .FILL x0054
(306A) 0065  0000000001100101 (  47)                 .FILL x0065
(306B) 0078  0000000001111000 (  47)                 .FILL x0078
(306C) 0061  0000000001100001 (  47)                 .FILL x0061
(306D) 0073  0000000001110011 (  47)                 .FILL x0073
(306E) 0000  0000000000000000 (  47)                 .FILL x0000
(306F) 0020  0000000000100000 (  48) SPACE           .FILL x0020
(3070) 000A  0000000000001010 (  49) NEWLN           .FILL x000A
(3071) 270F  0010011100001111 (  50) COUNT           .FILL x270F
(3072) 0000  0000000000000000 (  52) Save_R1         .FILL x0000
(3073) 0000  0000000000000000 (  53) SAVE_R7         .FILL x0000
(3074) 0180  0000000110000000 (  53) KBIV            .FILL x0180
(3075) 1500  0001010100000000 (  54) KBISR           .FILL x1500
(3076) FE00  1111111000000000 (  55) KBSR            .FILL xFE00
(3077) 4000  0100000000000000 (  56) IE              .FILL x4000
