(0000) 3000  0011000000000000 (   1)                 .ORIG x3000
(3000) 5020  0101000000100000 (   3) REQUEST         AND   R0 R0 #0
(3001) 5260  0101001001100000 (   4)                 AND   R1 R1 #0
(3002) 54A0  0101010010100000 (   5)                 AND   R2 R2 #0
(3003) 56E0  0101011011100000 (   6)                 AND   R3 R3 #0
(3004) 5920  0101100100100000 (   7)                 AND   R4 R4 #0
(3005) 5B60  0101101101100000 (   8)                 AND   R5 R5 #0
(3006) 5DA0  0101110110100000 (   9)                 AND   R6 R6 #0
(3007) 202A  0010000000101010 (  10)                 LD    R0 STRING1
(3008) F022  1111000000100010 (  11)                 TRAP  x22
(3009) F020  1111000000100000 (  12)                 TRAP  x20
(300A) F021  1111000000100001 (  13)                 TRAP  x21
(300B) 1031  0001000000110001 (  14)                 ADD   R0 R0 #-15
(300C) 1031  0001000000110001 (  15)                 ADD   R0 R0 #-15
(300D) 1031  0001000000110001 (  16)                 ADD   R0 R0 #-15
(300E) 103D  0001000000111101 (  17)                 ADD   R0 R0 #-3
(300F) 3025  0011000000100101 (  18)                 ST    R0 ID
(3010) F020  1111000000100000 (  19)                 TRAP  x20
(3011) F021  1111000000100001 (  20)                 TRAP  x21
(3012) 2022  0010000000100010 (  22)                 LD    R0 ID
(3013) 1031  0001000000110001 (  23)                 ADD   R0 R0 #-15
(3014) 1031  0001000000110001 (  24)                 ADD   R0 R0 #-15
(3015) 1031  0001000000110001 (  25)                 ADD   R0 R0 #-15
(3016) 1039  0001000000111001 (  26)                 ADD   R0 R0 #-7
(3017) 0418  0000010000011000 (  27)                 BRZ   END
(3018) 221D  0010001000011101 (  29)                 LD    R1 FRSTND
(3019) 6240  0110001001000000 (  30)                 LDR   R1 R1 #0
(301A) 6442  0110010001000010 (  31) CHECK           LDR   R2 R1 #2
(301B) 2019  0010000000011001 (  32)                 LD    R0 ID
(301C) 94BF  1001010010111111 (  33)                 NOT   R2 R2
(301D) 14A1  0001010010100001 (  34)                 ADD   R2 R2 #1
(301E) 1402  0001010000000010 (  35)                 ADD   R2 R0 R2
(301F) 0408  0000010000001000 (  36)                 BRZ   ZERO
(3020) 0201  0000001000000001 (  37) RIGHT           BRP   POS
(3021) 0803  0000100000000011 (  38) LEFT            BRN   NEG
(3022) 6241  0110001001000001 (  40) POS             LDR   R1 R1 #1
(3023) 0409  0000010000001001 (  41)                 BRZ   NE
(3024) 0BF5  0000101111110101 (  42)                 BRNP  CHECK
(3025) 6240  0110001001000000 (  44) NEG             LDR   R1 R1 #0
(3026) 0406  0000010000000110 (  45)                 BRZ   NE
(3027) 0BF2  0000101111110010 (  46)                 BRNP  CHECK
(3028) 6043  0110000001000011 (  48) ZERO            LDR   R0 R1 #3
(3029) F022  1111000000100010 (  49)                 TRAP  x22
(302A) 2009  0010000000001001 (  50)                 LD    R0 STRING3
(302B) F022  1111000000100010 (  51)                 TRAP  x22
(302C) 0FD3  0000111111010011 (  52)                 BRNZP REQUEST
(302D) 2005  0010000000000101 (  54) NE              LD    R0 STRING2
(302E) F022  1111000000100010 (  55)                 TRAP  x22
(302F) 0FD0  0000111111010000 (  56)                 BRNZP REQUEST
(3030) 2A36  0010101000110110 (  58) END             LD    R5 MASK
(3031) BA34  1011101000110100 (  59)                 STI   R5 MCR
(3032) 3037  0011000000110111 (  60) STRING1         .FILL x3037
(3033) 305A  0011000001011010 (  61) STRING2         .FILL x305A
(3034) 3064  0011000001100100 (  62) STRING3         .FILL x3064
(3035) 0000  0000000000000000 (  63) ID              .FILL x0000
(3036) 3300  0011001100000000 (  64) FRSTND          .FILL x3300
(3037) 0054  0000000001010100 (  65) PROMPT          .FILL x0054
(3038) 0079  0000000001111001 (  65)                 .FILL x0079
(3039) 0070  0000000001110000 (  65)                 .FILL x0070
(303A) 0065  0000000001100101 (  65)                 .FILL x0065
(303B) 0020  0000000000100000 (  65)                 .FILL x0020
(303C) 0061  0000000001100001 (  65)                 .FILL x0061
(303D) 0020  0000000000100000 (  65)                 .FILL x0020
(303E) 0073  0000000001110011 (  65)                 .FILL x0073
(303F) 0074  0000000001110100 (  65)                 .FILL x0074
(3040) 0075  0000000001110101 (  65)                 .FILL x0075
(3041) 0064  0000000001100100 (  65)                 .FILL x0064
(3042) 0065  0000000001100101 (  65)                 .FILL x0065
(3043) 006E  0000000001101110 (  65)                 .FILL x006E
(3044) 0074  0000000001110100 (  65)                 .FILL x0074
(3045) 0020  0000000000100000 (  65)                 .FILL x0020
(3046) 0049  0000000001001001 (  65)                 .FILL x0049
(3047) 0044  0000000001000100 (  65)                 .FILL x0044
(3048) 0020  0000000000100000 (  65)                 .FILL x0020
(3049) 0061  0000000001100001 (  65)                 .FILL x0061
(304A) 006E  0000000001101110 (  65)                 .FILL x006E
(304B) 0064  0000000001100100 (  65)                 .FILL x0064
(304C) 0020  0000000000100000 (  65)                 .FILL x0020
(304D) 0070  0000000001110000 (  65)                 .FILL x0070
(304E) 0072  0000000001110010 (  65)                 .FILL x0072
(304F) 0065  0000000001100101 (  65)                 .FILL x0065
(3050) 0073  0000000001110011 (  65)                 .FILL x0073
(3051) 0073  0000000001110011 (  65)                 .FILL x0073
(3052) 0020  0000000000100000 (  65)                 .FILL x0020
(3053) 0045  0000000001000101 (  65)                 .FILL x0045
(3054) 006E  0000000001101110 (  65)                 .FILL x006E
(3055) 0074  0000000001110100 (  65)                 .FILL x0074
(3056) 0065  0000000001100101 (  65)                 .FILL x0065
(3057) 0072  0000000001110010 (  65)                 .FILL x0072
(3058) 003A  0000000000111010 (  65)                 .FILL x003A
(3059) 0000  0000000000000000 (  65)                 .FILL x0000
(305A) 004E  0000000001001110 (  66) NOENT           .FILL x004E
(305B) 006F  0000000001101111 (  66)                 .FILL x006F
(305C) 0020  0000000000100000 (  66)                 .FILL x0020
(305D) 0045  0000000001000101 (  66)                 .FILL x0045
(305E) 006E  0000000001101110 (  66)                 .FILL x006E
(305F) 0074  0000000001110100 (  66)                 .FILL x0074
(3060) 0072  0000000001110010 (  66)                 .FILL x0072
(3061) 0079  0000000001111001 (  66)                 .FILL x0079
(3062) 000A  0000000000001010 (  66)                 .FILL x000A
(3063) 0000  0000000000000000 (  66)                 .FILL x0000
(3064) 000A  0000000000001010 (  67) ENTER           .FILL x000A
(3065) 0000  0000000000000000 (  67)                 .FILL x0000
(3066) FFFE  1111111111111110 (  68) MCR             .FILL xFFFE
(3067) 7FFF  0111111111111111 (  69) MASK            .FILL x7FFF
